{"level":"info","message":"⌛ Building environment","timeElapsed":248,"timestamp":"2024-09-11T20:17:36.208Z"}
{"level":"info","message":"onRequest - WORKSPACE_URI:file:///c%3A/wvsc/workspace/caposCollectionsParte2TS","timestamp":"2024-09-11T20:17:36.217Z"}
{"level":"info","message":"⌛ Building environment","timeElapsed":224,"timestamp":"2024-09-11T20:17:36.442Z"}
{"level":"info","message":"⌛ Building environment","timeElapsed":115,"timestamp":"2024-09-11T20:17:36.559Z"}
{"level":"info","message":"⌛ Building environment","timeElapsed":131,"timestamp":"2024-09-11T20:17:36.692Z"}
{"level":"info","message":"⌛ Building environment","timeElapsed":138,"timestamp":"2024-09-11T20:17:36.836Z"}
{"level":"info","message":"⌛ Building environment","timeElapsed":141,"timestamp":"2024-09-11T20:17:36.980Z"}
{"level":"info","message":"⌛ Validating src/batallaYPoder.wtest","timeElapsed":273,"timestamp":"2024-09-11T20:17:37.254Z"}
{"level":"info","message":"⌛ Validating src/libroHechizos.wtest","timeElapsed":236,"timestamp":"2024-09-11T20:17:37.492Z"}
{"level":"info","message":"⌛ Validating src/enemigos.wtest","timeElapsed":227,"timestamp":"2024-09-11T20:17:37.720Z"}
{"level":"info","message":"⌛ Validating src/referencias.wtest","timeElapsed":216,"timestamp":"2024-09-11T20:17:37.937Z"}
{"level":"info","message":"⌛ Building environment","timeElapsed":200,"timestamp":"2024-09-11T20:17:38.137Z"}
{"level":"info","message":"⌛ Building environment","timeElapsed":208,"timestamp":"2024-09-11T20:17:38.355Z"}
{"level":"info","message":"⌛ Validating src/capos.wlk","timeElapsed":193,"timestamp":"2024-09-11T20:17:38.555Z"}
{"level":"info","message":"⌛ Validating src/batallaYPoder.wtest","timeElapsed":202,"timestamp":"2024-09-11T20:17:38.758Z"}
{"level":"info","message":"⌛ Validating src/libroHechizos.wtest","timeElapsed":134,"timestamp":"2024-09-11T20:17:38.892Z"}
{"level":"info","message":"⌛ Validating src/enemigos.wtest","timeElapsed":129,"timestamp":"2024-09-11T20:17:39.021Z"}
{"level":"info","message":"⌛ Validating src/referencias.wtest","timeElapsed":134,"timestamp":"2024-09-11T20:17:39.155Z"}
{"level":"info","message":"⌛ Validating src/capos.wlk","timeElapsed":122,"timestamp":"2024-09-11T20:17:39.278Z"}
{"level":"info","message":"⌛ Validating src/batallaYPoder.wtest","timeElapsed":156,"timestamp":"2024-09-11T20:17:39.435Z"}
{"level":"info","message":"⌛ Validating src/libroHechizos.wtest","timeElapsed":132,"timestamp":"2024-09-11T20:17:39.567Z"}
{"level":"info","message":"⌛ Validating src/enemigos.wtest","timeElapsed":125,"timestamp":"2024-09-11T20:17:39.693Z"}
{"level":"info","message":"⌛ Validating src/referencias.wtest","timeElapsed":139,"timestamp":"2024-09-11T20:17:39.832Z"}
{"level":"info","message":"⌛ Validating src/capos.wlk","timeElapsed":146,"timestamp":"2024-09-11T20:17:39.979Z"}
{"failures":[],"level":"info","message":"🧪 Test runner executed on c:\\wvsc\\workspace\\caposCollectionsParte2TS","result":{"failed":0,"ok":1},"timeElapsed":670,"timestamp":"2024-09-11T20:19:23.892Z"}
{"failures":[{"error":["wollok.lang.EvaluationError wrapping TypeScript Error: Could not resolve reference to bendicion or its a reference to void","  at src.libroHechizos.\"libro\" [src/libroHechizos.wtest:3]"],"test":"src.libroHechizos.\"libro\""}],"level":"info","message":"🧪 Test runner executed on c:\\wvsc\\workspace\\caposCollectionsParte2TS","result":{"failed":1,"ok":0},"timeElapsed":682,"timestamp":"2024-09-11T20:19:29.569Z"}
{"level":"info","message":"⌛ Building environment","timeElapsed":252,"timestamp":"2024-09-11T21:25:58.723Z"}
{"level":"info","message":"onRequest - WORKSPACE_URI:file:///c%3A/Users/AMANDA/Desktop/UNQ/objetos/119/2024s2-capor-colecciones-parte-2-amandalucille","timestamp":"2024-09-11T21:25:58.733Z"}
{"level":"info","message":"⌛ Building environment","timeElapsed":141,"timestamp":"2024-09-11T21:25:58.876Z"}
{"level":"info","message":"⌛ Building environment","timeElapsed":125,"timestamp":"2024-09-11T21:25:59.004Z"}
{"level":"info","message":"⌛ Building environment","timeElapsed":107,"timestamp":"2024-09-11T21:25:59.118Z"}
{"level":"info","message":"⌛ Building environment","timeElapsed":127,"timestamp":"2024-09-11T21:25:59.252Z"}
{"level":"info","message":"⌛ Building environment","timeElapsed":130,"timestamp":"2024-09-11T21:25:59.384Z"}
{"level":"info","message":"⌛ Validating src/capos.wlk","timeElapsed":206,"timestamp":"2024-09-11T21:25:59.591Z"}
{"level":"info","message":"⌛ Building environment","timeElapsed":182,"timestamp":"2024-09-11T21:25:59.776Z"}
{"level":"info","message":"⌛ Validating src/referencias.wtest","timeElapsed":168,"timestamp":"2024-09-11T21:25:59.962Z"}
{"level":"info","message":"⌛ Validating src/libroHechizos.wtest","timeElapsed":162,"timestamp":"2024-09-11T21:26:00.126Z"}
{"level":"info","message":"⌛ Validating src/enemigos.wtest","timeElapsed":162,"timestamp":"2024-09-11T21:26:00.289Z"}
{"level":"info","message":"⌛ Validating src/batallaYPoder.wtest","timeElapsed":267,"timestamp":"2024-09-11T21:26:00.556Z"}
{"level":"info","message":"⌛ Validating src/capos.wlk","timeElapsed":189,"timestamp":"2024-09-11T21:26:00.746Z"}
{"level":"info","message":"⌛ Validating src/referencias.wtest","timeElapsed":152,"timestamp":"2024-09-11T21:26:00.899Z"}
{"level":"info","message":"⌛ Validating src/libroHechizos.wtest","timeElapsed":146,"timestamp":"2024-09-11T21:26:01.047Z"}
{"level":"info","message":"⌛ Validating src/enemigos.wtest","timeElapsed":148,"timestamp":"2024-09-11T21:26:01.195Z"}
{"level":"info","message":"⌛ Validating src/batallaYPoder.wtest","timeElapsed":112,"timestamp":"2024-09-11T21:26:01.308Z"}
{"level":"info","message":"⌛ Building environment","timeElapsed":113,"timestamp":"2024-09-11T21:26:07.435Z"}
{"level":"info","message":"⌛ Validating src/capos.wlk","timeElapsed":204,"timestamp":"2024-09-11T21:26:07.657Z"}
{"level":"info","message":"⌛ Building environment","timeElapsed":137,"timestamp":"2024-09-11T22:00:27.627Z"}
{"level":"info","message":"⌛ Validating src/capos.wlk","timeElapsed":191,"timestamp":"2024-09-11T22:00:27.820Z"}
{"level":"info","message":"⌛ Building environment","timeElapsed":149,"timestamp":"2024-09-11T22:00:28.013Z"}
{"level":"info","message":"⌛ Validating src/capos.wlk","timeElapsed":183,"timestamp":"2024-09-11T22:00:28.341Z"}
{"level":"info","message":"onRequest - completionItem/resolve","timestamp":"2024-09-11T22:00:28.342Z"}
{"level":"info","message":"⌛ Validating src/capos.wlk","timeElapsed":180,"timestamp":"2024-09-11T22:00:28.523Z"}
{"level":"info","message":"⌛ Building environment","timeElapsed":110,"timestamp":"2024-09-11T22:00:28.634Z"}
{"level":"info","message":"onRequest - completionItem/resolve","timestamp":"2024-09-11T22:00:28.641Z"}
{"level":"info","message":"⌛ Building environment","timeElapsed":101,"timestamp":"2024-09-11T22:00:28.748Z"}
{"level":"info","message":"onRequest - completionItem/resolve","timestamp":"2024-09-11T22:00:28.754Z"}
{"level":"info","message":"⌛ Validating src/capos.wlk","timeElapsed":178,"timestamp":"2024-09-11T22:00:28.933Z"}
{"level":"info","message":"⌛ Validating src/capos.wlk","timeElapsed":151,"timestamp":"2024-09-11T22:00:29.085Z"}
{"level":"info","message":"⌛ Building environment","timeElapsed":109,"timestamp":"2024-09-11T22:00:29.239Z"}
{"level":"info","message":"onRequest - completionItem/resolve","timestamp":"2024-09-11T22:00:29.240Z"}
{"level":"info","message":"⌛ Validating src/capos.wlk","timeElapsed":160,"timestamp":"2024-09-11T22:00:29.400Z"}
{"level":"info","message":"⌛ Building environment","timeElapsed":108,"timestamp":"2024-09-11T22:00:29.509Z"}
{"level":"info","message":"⌛ Validating src/capos.wlk","timeElapsed":162,"timestamp":"2024-09-11T22:00:29.672Z"}
{"level":"info","message":"⌛ Building environment","timeElapsed":106,"timestamp":"2024-09-11T22:00:29.780Z"}
{"level":"error","message":"✘ Completions for node failed: Error: src.capos.rolando.pod [Field]{bcf75b} at src/capos.wlk:34 exhausted all cases without a match src.capos.rolando.pod [Field]{bcf75b} at src/capos.wlk:34 exhausted all cases without a match","stack":"Error: src.capos.rolando.pod [Field]{bcf75b} at src/capos.wlk:34 exhausted all cases without a match\n    at c:\\Users\\AMANDA\\.vscode\\extensions\\uqbar.wollok-lsp-ide-0.3.4\\node_modules\\wollok-ts\\dist\\extensions.js:85:11\n    at completionsForNode (c:\\Users\\AMANDA\\.vscode\\extensions\\uqbar.wollok-lsp-ide-0.3.4\\server\\out\\functionalities\\autocomplete\\node-completion.js:10:44)\n    at c:\\Users\\AMANDA\\.vscode\\extensions\\uqbar.wollok-lsp-ide-0.3.4\\server\\out\\functionalities\\autocomplete\\autocomplete.js:26:154\n    at c:\\Users\\AMANDA\\.vscode\\extensions\\uqbar.wollok-lsp-ide-0.3.4\\server\\out\\server.js:198:20\n    at c:\\Users\\AMANDA\\.vscode\\extensions\\uqbar.wollok-lsp-ide-0.3.4\\server\\node_modules\\vscode-languageserver\\lib\\common\\server.js:593:20\n    at handleRequest (c:\\Users\\AMANDA\\.vscode\\extensions\\uqbar.wollok-lsp-ide-0.3.4\\server\\node_modules\\vscode-jsonrpc\\lib\\common\\connection.js:493:41)\n    at handleMessage (c:\\Users\\AMANDA\\.vscode\\extensions\\uqbar.wollok-lsp-ide-0.3.4\\server\\node_modules\\vscode-jsonrpc\\lib\\common\\connection.js:339:13)\n    at processMessageQueue (c:\\Users\\AMANDA\\.vscode\\extensions\\uqbar.wollok-lsp-ide-0.3.4\\server\\node_modules\\vscode-jsonrpc\\lib\\common\\connection.js:362:17)\n    at Immediate._onImmediate (c:\\Users\\AMANDA\\.vscode\\extensions\\uqbar.wollok-lsp-ide-0.3.4\\server\\node_modules\\vscode-jsonrpc\\lib\\common\\connection.js:334:13)\n    at process.processImmediate (node:internal/timers:478:21)","timestamp":"2024-09-11T22:00:29.808Z"}
{"level":"info","message":"⌛ Validating src/capos.wlk","timeElapsed":159,"timestamp":"2024-09-11T22:00:30.062Z"}
{"level":"info","message":"⌛ Validating src/capos.wlk","timeElapsed":153,"timestamp":"2024-09-11T22:00:30.217Z"}
{"level":"error","message":"✘ Completions for node failed: Error: src.capos.rolando.poder [Field]{1acb20} at src/capos.wlk:34 exhausted all cases without a match src.capos.rolando.poder [Field]{1acb20} at src/capos.wlk:34 exhausted all cases without a match","stack":"Error: src.capos.rolando.poder [Field]{1acb20} at src/capos.wlk:34 exhausted all cases without a match\n    at c:\\Users\\AMANDA\\.vscode\\extensions\\uqbar.wollok-lsp-ide-0.3.4\\node_modules\\wollok-ts\\dist\\extensions.js:85:11\n    at completionsForNode (c:\\Users\\AMANDA\\.vscode\\extensions\\uqbar.wollok-lsp-ide-0.3.4\\server\\out\\functionalities\\autocomplete\\node-completion.js:10:44)\n    at c:\\Users\\AMANDA\\.vscode\\extensions\\uqbar.wollok-lsp-ide-0.3.4\\server\\out\\functionalities\\autocomplete\\autocomplete.js:26:154\n    at c:\\Users\\AMANDA\\.vscode\\extensions\\uqbar.wollok-lsp-ide-0.3.4\\server\\out\\server.js:198:20\n    at c:\\Users\\AMANDA\\.vscode\\extensions\\uqbar.wollok-lsp-ide-0.3.4\\server\\node_modules\\vscode-languageserver\\lib\\common\\server.js:593:20\n    at handleRequest (c:\\Users\\AMANDA\\.vscode\\extensions\\uqbar.wollok-lsp-ide-0.3.4\\server\\node_modules\\vscode-jsonrpc\\lib\\common\\connection.js:493:41)\n    at handleMessage (c:\\Users\\AMANDA\\.vscode\\extensions\\uqbar.wollok-lsp-ide-0.3.4\\server\\node_modules\\vscode-jsonrpc\\lib\\common\\connection.js:339:13)\n    at processMessageQueue (c:\\Users\\AMANDA\\.vscode\\extensions\\uqbar.wollok-lsp-ide-0.3.4\\server\\node_modules\\vscode-jsonrpc\\lib\\common\\connection.js:362:17)\n    at Immediate._onImmediate (c:\\Users\\AMANDA\\.vscode\\extensions\\uqbar.wollok-lsp-ide-0.3.4\\server\\node_modules\\vscode-jsonrpc\\lib\\common\\connection.js:334:13)\n    at process.processImmediate (node:internal/timers:478:21)","timestamp":"2024-09-11T22:00:30.344Z"}
{"level":"info","message":"⌛ Validating src/capos.wlk","timeElapsed":148,"timestamp":"2024-09-11T22:00:30.497Z"}
{"level":"error","message":"✘ Completions for node failed: Error: src.capos.rolando.poderB [Field]{7029fa} at src/capos.wlk:34 exhausted all cases without a match src.capos.rolando.poderB [Field]{7029fa} at src/capos.wlk:34 exhausted all cases without a match","stack":"Error: src.capos.rolando.poderB [Field]{7029fa} at src/capos.wlk:34 exhausted all cases without a match\n    at c:\\Users\\AMANDA\\.vscode\\extensions\\uqbar.wollok-lsp-ide-0.3.4\\node_modules\\wollok-ts\\dist\\extensions.js:85:11\n    at completionsForNode (c:\\Users\\AMANDA\\.vscode\\extensions\\uqbar.wollok-lsp-ide-0.3.4\\server\\out\\functionalities\\autocomplete\\node-completion.js:10:44)\n    at c:\\Users\\AMANDA\\.vscode\\extensions\\uqbar.wollok-lsp-ide-0.3.4\\server\\out\\functionalities\\autocomplete\\autocomplete.js:26:154\n    at c:\\Users\\AMANDA\\.vscode\\extensions\\uqbar.wollok-lsp-ide-0.3.4\\server\\out\\server.js:198:20\n    at c:\\Users\\AMANDA\\.vscode\\extensions\\uqbar.wollok-lsp-ide-0.3.4\\server\\node_modules\\vscode-languageserver\\lib\\common\\server.js:593:20\n    at handleRequest (c:\\Users\\AMANDA\\.vscode\\extensions\\uqbar.wollok-lsp-ide-0.3.4\\server\\node_modules\\vscode-jsonrpc\\lib\\common\\connection.js:493:41)\n    at handleMessage (c:\\Users\\AMANDA\\.vscode\\extensions\\uqbar.wollok-lsp-ide-0.3.4\\server\\node_modules\\vscode-jsonrpc\\lib\\common\\connection.js:339:13)\n    at processMessageQueue (c:\\Users\\AMANDA\\.vscode\\extensions\\uqbar.wollok-lsp-ide-0.3.4\\server\\node_modules\\vscode-jsonrpc\\lib\\common\\connection.js:362:17)\n    at Immediate._onImmediate (c:\\Users\\AMANDA\\.vscode\\extensions\\uqbar.wollok-lsp-ide-0.3.4\\server\\node_modules\\vscode-jsonrpc\\lib\\common\\connection.js:334:13)\n    at process.processImmediate (node:internal/timers:478:21)","timestamp":"2024-09-11T22:00:31.135Z"}
{"level":"info","message":"⌛ Validating src/capos.wlk","timeElapsed":152,"timestamp":"2024-09-11T22:00:31.288Z"}
{"level":"info","message":"⌛ Building environment","timeElapsed":111,"timestamp":"2024-09-11T22:00:31.399Z"}
{"level":"error","message":"✘ Completions for node failed: Error: src.capos.rolando.poderBa [Field]{d45011} at src/capos.wlk:34 exhausted all cases without a match src.capos.rolando.poderBa [Field]{d45011} at src/capos.wlk:34 exhausted all cases without a match","stack":"Error: src.capos.rolando.poderBa [Field]{d45011} at src/capos.wlk:34 exhausted all cases without a match\n    at c:\\Users\\AMANDA\\.vscode\\extensions\\uqbar.wollok-lsp-ide-0.3.4\\node_modules\\wollok-ts\\dist\\extensions.js:85:11\n    at completionsForNode (c:\\Users\\AMANDA\\.vscode\\extensions\\uqbar.wollok-lsp-ide-0.3.4\\server\\out\\functionalities\\autocomplete\\node-completion.js:10:44)\n    at c:\\Users\\AMANDA\\.vscode\\extensions\\uqbar.wollok-lsp-ide-0.3.4\\server\\out\\functionalities\\autocomplete\\autocomplete.js:26:154\n    at c:\\Users\\AMANDA\\.vscode\\extensions\\uqbar.wollok-lsp-ide-0.3.4\\server\\out\\server.js:198:20\n    at c:\\Users\\AMANDA\\.vscode\\extensions\\uqbar.wollok-lsp-ide-0.3.4\\server\\node_modules\\vscode-languageserver\\lib\\common\\server.js:593:20\n    at handleRequest (c:\\Users\\AMANDA\\.vscode\\extensions\\uqbar.wollok-lsp-ide-0.3.4\\server\\node_modules\\vscode-jsonrpc\\lib\\common\\connection.js:493:41)\n    at handleMessage (c:\\Users\\AMANDA\\.vscode\\extensions\\uqbar.wollok-lsp-ide-0.3.4\\server\\node_modules\\vscode-jsonrpc\\lib\\common\\connection.js:339:13)\n    at processMessageQueue (c:\\Users\\AMANDA\\.vscode\\extensions\\uqbar.wollok-lsp-ide-0.3.4\\server\\node_modules\\vscode-jsonrpc\\lib\\common\\connection.js:362:17)\n    at Immediate._onImmediate (c:\\Users\\AMANDA\\.vscode\\extensions\\uqbar.wollok-lsp-ide-0.3.4\\server\\node_modules\\vscode-jsonrpc\\lib\\common\\connection.js:334:13)\n    at process.processImmediate (node:internal/timers:478:21)","timestamp":"2024-09-11T22:00:31.426Z"}
{"level":"info","message":"⌛ Validating src/capos.wlk","timeElapsed":143,"timestamp":"2024-09-11T22:00:31.570Z"}
{"level":"info","message":"⌛ Building environment","timeElapsed":104,"timestamp":"2024-09-11T22:00:31.784Z"}
{"level":"error","message":"✘ Completions for node failed: Error: src.capos.rolando.poderBase [Field]{a45182} at src/capos.wlk:34 exhausted all cases without a match src.capos.rolando.poderBase [Field]{a45182} at src/capos.wlk:34 exhausted all cases without a match","stack":"Error: src.capos.rolando.poderBase [Field]{a45182} at src/capos.wlk:34 exhausted all cases without a match\n    at c:\\Users\\AMANDA\\.vscode\\extensions\\uqbar.wollok-lsp-ide-0.3.4\\node_modules\\wollok-ts\\dist\\extensions.js:85:11\n    at completionsForNode (c:\\Users\\AMANDA\\.vscode\\extensions\\uqbar.wollok-lsp-ide-0.3.4\\server\\out\\functionalities\\autocomplete\\node-completion.js:10:44)\n    at c:\\Users\\AMANDA\\.vscode\\extensions\\uqbar.wollok-lsp-ide-0.3.4\\server\\out\\functionalities\\autocomplete\\autocomplete.js:26:154\n    at c:\\Users\\AMANDA\\.vscode\\extensions\\uqbar.wollok-lsp-ide-0.3.4\\server\\out\\server.js:198:20\n    at c:\\Users\\AMANDA\\.vscode\\extensions\\uqbar.wollok-lsp-ide-0.3.4\\server\\node_modules\\vscode-languageserver\\lib\\common\\server.js:593:20\n    at handleRequest (c:\\Users\\AMANDA\\.vscode\\extensions\\uqbar.wollok-lsp-ide-0.3.4\\server\\node_modules\\vscode-jsonrpc\\lib\\common\\connection.js:493:41)\n    at handleMessage (c:\\Users\\AMANDA\\.vscode\\extensions\\uqbar.wollok-lsp-ide-0.3.4\\server\\node_modules\\vscode-jsonrpc\\lib\\common\\connection.js:339:13)\n    at processMessageQueue (c:\\Users\\AMANDA\\.vscode\\extensions\\uqbar.wollok-lsp-ide-0.3.4\\server\\node_modules\\vscode-jsonrpc\\lib\\common\\connection.js:362:17)\n    at Immediate._onImmediate (c:\\Users\\AMANDA\\.vscode\\extensions\\uqbar.wollok-lsp-ide-0.3.4\\server\\node_modules\\vscode-jsonrpc\\lib\\common\\connection.js:334:13)\n    at process.processImmediate (node:internal/timers:478:21)","timestamp":"2024-09-11T22:00:31.817Z"}
{"level":"info","message":"⌛ Validating src/capos.wlk","timeElapsed":142,"timestamp":"2024-09-11T22:00:31.959Z"}
{"level":"info","message":"⌛ Validating src/capos.wlk","timeElapsed":177,"timestamp":"2024-09-11T22:00:32.239Z"}
{"level":"info","message":"⌛ Validating src/capos.wlk","timeElapsed":188,"timestamp":"2024-09-11T22:00:32.437Z"}
{"level":"info","message":"⌛ Building environment","timeElapsed":135,"timestamp":"2024-09-11T22:00:32.618Z"}
